[roslaunch][INFO] 2020-07-03 12:07:29,035: Checking log directory for disk usage. This may take a while.
Press Ctrl-C to interrupt
[roslaunch][INFO] 2020-07-03 12:07:29,091: Done checking log file disk usage. Usage is <1GB.
[roslaunch][INFO] 2020-07-03 12:07:29,092: roslaunch starting with args ['roscore', '--core']
[roslaunch][INFO] 2020-07-03 12:07:29,094: roslaunch env is environ({'ROS_VERSION': '1', 'PKG_CONFIG_PATH': '/opt/ros/noetic/lib/pkgconfig', 'ROS_PYTHON_VERSION': '3', 'HOSTNAME': '10da42646c06', 'ROS_PACKAGE_PATH': '/opt/ros/noetic/share', 'ROSLISP_PACKAGE_DIRECTORIES': '', 'PWD': '/', 'XAUTHORITY': '', 'HOME': '/root', 'LANG': 'C.UTF-8', 'ROS_ETC_DIR': '/opt/ros/noetic/etc/ros', 'CMAKE_PREFIX_PATH': '/opt/ros/noetic', 'PYTHONPATH': '/opt/ros/noetic/lib/python3/dist-packages', 'TERM': 'xterm', 'DISPLAY': '192.168.0.11:0', 'SHLVL': '1', 'ROS_MASTER_URI': 'http://localhost:11311', 'LD_LIBRARY_PATH': '/opt/ros/noetic/lib', 'LC_ALL': 'C.UTF-8', 'PATH': '/opt/ros/noetic/bin:/usr/local/sbin:/usr/local/bin:/usr/sbin:/usr/bin:/sbin:/bin', 'ROS_ROOT': '/opt/ros/noetic/share/ros', 'ROS_DISTRO': 'noetic', '_': '/opt/ros/noetic/bin/roscore', 'ROS_LOG_FILENAME': '/root/.ros/log/c419256a-bd25-11ea-aa7d-0242ac110002/roslaunch-10da42646c06-61.log'})
[roslaunch][INFO] 2020-07-03 12:07:29,095: starting in server mode
[roslaunch.parent][INFO] 2020-07-03 12:07:29,096: starting roslaunch parent run
[roslaunch][INFO] 2020-07-03 12:07:29,098: loading roscore config file /opt/ros/noetic/etc/ros/roscore.xml
[roslaunch][INFO] 2020-07-03 12:07:29,783: Added core node of type [rosout/rosout] in namespace [/]
[roslaunch.pmon][INFO] 2020-07-03 12:07:29,785: start_process_monitor: creating ProcessMonitor
[roslaunch.pmon][INFO] 2020-07-03 12:07:29,786: created process monitor <ProcessMonitor(ProcessMonitor-1, initial daemon)>
[roslaunch.pmon][INFO] 2020-07-03 12:07:29,788: start_process_monitor: ProcessMonitor started
[roslaunch.parent][INFO] 2020-07-03 12:07:29,789: starting parent XML-RPC server
[roslaunch.server][INFO] 2020-07-03 12:07:29,791: starting roslaunch XML-RPC server
[roslaunch.server][INFO] 2020-07-03 12:07:29,793: waiting for roslaunch XML-RPC server to initialize
[xmlrpc][INFO] 2020-07-03 12:07:29,794: XML-RPC server binding to 0.0.0.0:0
[xmlrpc][INFO] 2020-07-03 12:07:29,796: Started XML-RPC server [http://10da42646c06:36561/]
[xmlrpc][INFO] 2020-07-03 12:07:29,798: xml rpc node: starting XML-RPC server
[roslaunch][INFO] 2020-07-03 12:07:29,811: started roslaunch server http://10da42646c06:36561/
[roslaunch.parent][INFO] 2020-07-03 12:07:29,813: ... parent XML-RPC server started
[roslaunch][INFO] 2020-07-03 12:07:29,818: master.is_running[http://10da42646c06:11311/]
[roslaunch][INFO] 2020-07-03 12:07:29,822: auto-starting new master
[roslaunch][INFO] 2020-07-03 12:07:29,824: create_master_process: rosmaster, /opt/ros/noetic/share/ros, 11311, 3, None, False
[roslaunch][INFO] 2020-07-03 12:07:29,829: process[master]: launching with args [['rosmaster', '--core', '-p', '11311', '-w', '3']]
[roslaunch.pmon][INFO] 2020-07-03 12:07:29,885: ProcessMonitor.register[master]
[roslaunch.pmon][INFO] 2020-07-03 12:07:29,887: ProcessMonitor.register[master] complete
[roslaunch][INFO] 2020-07-03 12:07:29,888: process[master]: starting os process
[roslaunch][INFO] 2020-07-03 12:07:29,896: process[master]: start w/ args [['rosmaster', '--core', '-p', '11311', '-w', '3', '__log:=/root/.ros/log/c419256a-bd25-11ea-aa7d-0242ac110002/master.log']]
[roslaunch][INFO] 2020-07-03 12:07:29,899: process[master]: cwd will be [/root/.ros]
[roslaunch][INFO] 2020-07-03 12:07:29,907: process[master]: started with pid [70]
[roslaunch][INFO] 2020-07-03 12:07:29,909: master.is_running[http://10da42646c06:11311/]
[roslaunch][INFO] 2020-07-03 12:07:30,031: master.is_running[http://10da42646c06:11311/]
[roslaunch][INFO] 2020-07-03 12:07:30,136: master.is_running[http://10da42646c06:11311/]
[roslaunch][INFO] 2020-07-03 12:07:30,240: master.is_running[http://10da42646c06:11311/]
[roslaunch][INFO] 2020-07-03 12:07:30,348: master.is_running[http://10da42646c06:11311/]
[roslaunch][INFO] 2020-07-03 12:07:30,353: master.is_running[http://10da42646c06:11311/]
[roslaunch][INFO] 2020-07-03 12:07:30,356: ROS_MASTER_URI=http://10da42646c06:11311/
[roslaunch][INFO] 2020-07-03 12:07:30,365: setting /run_id to c419256a-bd25-11ea-aa7d-0242ac110002
[roslaunch][INFO] 2020-07-03 12:07:30,371: setting /roslaunch/uris/host_10da42646c06__36561' to http://10da42646c06:36561/
[roslaunch][INFO] 2020-07-03 12:07:30,386: ... preparing to launch node of type [rosout/rosout]
[roslaunch][INFO] 2020-07-03 12:07:30,388: create_node_process: package[rosout] type[rosout] machine[Machine(name[] env_loader[None] address[localhost] ssh_port[22] user[None] assignable[True] timeout[10.0])] master_uri[http://10da42646c06:11311/]
[roslaunch][INFO] 2020-07-03 12:07:30,390: process[rosout-1]: env[{'ROS_VERSION': '1', 'PKG_CONFIG_PATH': '/opt/ros/noetic/lib/pkgconfig', 'ROS_PYTHON_VERSION': '3', 'HOSTNAME': '10da42646c06', 'ROS_PACKAGE_PATH': '/opt/ros/noetic/share', 'ROSLISP_PACKAGE_DIRECTORIES': '', 'PWD': '/', 'XAUTHORITY': '', 'HOME': '/root', 'LANG': 'C.UTF-8', 'ROS_ETC_DIR': '/opt/ros/noetic/etc/ros', 'CMAKE_PREFIX_PATH': '/opt/ros/noetic', 'PYTHONPATH': '/opt/ros/noetic/lib/python3/dist-packages', 'TERM': 'xterm', 'DISPLAY': '192.168.0.11:0', 'SHLVL': '1', 'ROS_MASTER_URI': 'http://10da42646c06:11311/', 'LD_LIBRARY_PATH': '/opt/ros/noetic/lib', 'LC_ALL': 'C.UTF-8', 'PATH': '/opt/ros/noetic/bin:/usr/local/sbin:/usr/local/bin:/usr/sbin:/usr/bin:/sbin:/bin', 'ROS_ROOT': '/opt/ros/noetic/share/ros', 'ROS_DISTRO': 'noetic', '_': '/opt/ros/noetic/bin/roscore', 'ROS_LOG_FILENAME': '/root/.ros/log/c419256a-bd25-11ea-aa7d-0242ac110002/roslaunch-10da42646c06-61.log'}]
[roslaunch][INFO] 2020-07-03 12:07:30,477: process[rosout-1]: args[['/opt/ros/noetic/lib/rosout/rosout', '__name:=rosout']]
[roslaunch][INFO] 2020-07-03 12:07:30,479: ... created process [rosout-1]
[roslaunch.pmon][INFO] 2020-07-03 12:07:30,480: ProcessMonitor.register[rosout-1]
[roslaunch.pmon][INFO] 2020-07-03 12:07:30,482: ProcessMonitor.register[rosout-1] complete
[roslaunch][INFO] 2020-07-03 12:07:30,486: ... registered process [rosout-1]
[roslaunch][INFO] 2020-07-03 12:07:30,488: process[rosout-1]: starting os process
[roslaunch][INFO] 2020-07-03 12:07:30,500: process[rosout-1]: start w/ args [['/opt/ros/noetic/lib/rosout/rosout', '__name:=rosout', '__log:=/root/.ros/log/c419256a-bd25-11ea-aa7d-0242ac110002/rosout-1.log']]
[roslaunch][INFO] 2020-07-03 12:07:30,503: process[rosout-1]: cwd will be [/root/.ros]
[roslaunch][INFO] 2020-07-03 12:07:30,517: process[rosout-1]: started with pid [81]
[roslaunch][INFO] 2020-07-03 12:07:30,525: ... successfully launched [rosout-1]
[roslaunch][INFO] 2020-07-03 12:07:30,550: load_parameters starting ...
[roslaunch][INFO] 2020-07-03 12:07:30,589: ... load_parameters complete
[roslaunch][INFO] 2020-07-03 12:07:30,599: launch_nodes: launching local nodes ...
[roslaunch][INFO] 2020-07-03 12:07:30,602: ... launch_nodes complete
[roslaunch.pmon][INFO] 2020-07-03 12:07:30,604: registrations completed <ProcessMonitor(ProcessMonitor-1, started daemon 139945788356352)>
[roslaunch.parent][INFO] 2020-07-03 12:07:30,606: ... roslaunch parent running, waiting for process exit
[roslaunch][INFO] 2020-07-03 12:07:30,609: spin
