[rosmaster.main][INFO] 2020-07-03 11:25:41,041: initialization complete, waiting for shutdown
[rosmaster.main][INFO] 2020-07-03 11:25:41,043: Starting ROS Master Node
[xmlrpc][INFO] 2020-07-03 11:25:41,045: XML-RPC server binding to 0.0.0.0:11311
[xmlrpc][INFO] 2020-07-03 11:25:41,048: Started XML-RPC server [http://f6d6d4473a45:11311/]
[rosmaster.master][INFO] 2020-07-03 11:25:41,048: Master initialized: port[11311], uri[http://f6d6d4473a45:11311/]
[xmlrpc][INFO] 2020-07-03 11:25:41,050: xml rpc node: starting XML-RPC server
[rosmaster.master][INFO] 2020-07-03 11:25:41,103: +PARAM [/run_id] by /roslaunch
[rosmaster.master][INFO] 2020-07-03 11:25:41,108: +PARAM [/roslaunch/uris/host_f6d6d4473a45__37899] by /roslaunch
[rosmaster.master][INFO] 2020-07-03 11:25:41,197: +PARAM [/rosversion] by /roslaunch
[rosmaster.master][INFO] 2020-07-03 11:25:41,198: +PARAM [/rosdistro] by /roslaunch
[rosmaster.master][INFO] 2020-07-03 11:25:41,211: +SERVICE [/rosout/get_loggers] /rosout http://f6d6d4473a45:43821/
[rosmaster.master][INFO] 2020-07-03 11:25:41,213: +SERVICE [/rosout/set_logger_level] /rosout http://f6d6d4473a45:43821/
[rosmaster.master][INFO] 2020-07-03 11:25:41,224: +PUB [/rosout_agg] /rosout http://f6d6d4473a45:43821/
[rosmaster.master][INFO] 2020-07-03 11:25:41,232: +SUB [/rosout] /rosout http://f6d6d4473a45:43821/
[rosmaster.master][INFO] 2020-07-03 11:25:44,170: +PUB [/rosout] /rviz_1593775544157660000 http://f6d6d4473a45:35873/
[rosmaster.master][INFO] 2020-07-03 11:25:44,172: +SERVICE [/rviz_1593775544157660000/get_loggers] /rviz_1593775544157660000 http://f6d6d4473a45:35873/
[rosmaster.master][INFO] 2020-07-03 11:25:44,174: +SERVICE [/rviz_1593775544157660000/set_logger_level] /rviz_1593775544157660000 http://f6d6d4473a45:35873/
[rosmaster.master][INFO] 2020-07-03 11:25:44,180: publisherUpdate[/rosout] -> http://f6d6d4473a45:43821/ ['http://f6d6d4473a45:35873/']
[rosmaster.master][INFO] 2020-07-03 11:25:44,218: publisherUpdate[/rosout] -> http://f6d6d4473a45:43821/ ['http://f6d6d4473a45:35873/']: sec=0.04, result=[1, '', 0]
[rosmaster.master][INFO] 2020-07-03 11:31:40,525: +PUB [/rosout] /rviz_1593775900511840400 http://f6d6d4473a45:34277/
[rosmaster.master][INFO] 2020-07-03 11:31:40,528: +SERVICE [/rviz_1593775900511840400/get_loggers] /rviz_1593775900511840400 http://f6d6d4473a45:34277/
[rosmaster.master][INFO] 2020-07-03 11:31:40,531: +SERVICE [/rviz_1593775900511840400/set_logger_level] /rviz_1593775900511840400 http://f6d6d4473a45:34277/
[rosmaster.master][INFO] 2020-07-03 11:31:40,610: publisherUpdate[/rosout] -> http://f6d6d4473a45:43821/ ['http://f6d6d4473a45:35873/', 'http://f6d6d4473a45:34277/']
[rosmaster.master][INFO] 2020-07-03 11:31:40,617: publisherUpdate[/rosout] -> http://f6d6d4473a45:43821/ ['http://f6d6d4473a45:35873/', 'http://f6d6d4473a45:34277/']: sec=0.00, result=[1, '', 0]
