[roslaunch][INFO] 2020-07-03 11:38:32,548: Checking log directory for disk usage. This may take a while.
Press Ctrl-C to interrupt
[roslaunch][INFO] 2020-07-03 11:38:32,583: Done checking log file disk usage. Usage is <1GB.
[roslaunch][INFO] 2020-07-03 11:38:32,586: roslaunch starting with args ['roscore', '--core']
[roslaunch][INFO] 2020-07-03 11:38:32,590: roslaunch env is environ({'ROS_VERSION': '1', 'PKG_CONFIG_PATH': '/opt/ros/noetic/lib/pkgconfig', 'ROS_PYTHON_VERSION': '3', 'HOSTNAME': '51113ca0c50b', 'ROS_PACKAGE_PATH': '/opt/ros/noetic/share', 'ROSLISP_PACKAGE_DIRECTORIES': '', 'PWD': '/', 'XAUTHORITY': '/tmp/.docker.xauth', 'HOME': '/root', 'LANG': 'C.UTF-8', 'ROS_ETC_DIR': '/opt/ros/noetic/etc/ros', 'CMAKE_PREFIX_PATH': '/opt/ros/noetic', 'PYTHONPATH': '/opt/ros/noetic/lib/python3/dist-packages', 'TERM': 'xterm', 'DISPLAY': '192.168.0.11:0', 'SHLVL': '0', 'ROS_MASTER_URI': 'http://localhost:11311', 'LD_LIBRARY_PATH': '/opt/ros/noetic/lib', 'LC_ALL': 'C.UTF-8', 'PATH': '/opt/ros/noetic/bin:/usr/local/sbin:/usr/local/bin:/usr/sbin:/usr/bin:/sbin:/bin', 'ROS_ROOT': '/opt/ros/noetic/share/ros', 'ROS_DISTRO': 'noetic', '_': '/opt/ros/noetic/bin/roscore', 'ROS_LOG_FILENAME': '/root/.ros/log/b9107d52-bd21-11ea-82c9-0242ac110002/roslaunch-51113ca0c50b-426.log'})
[roslaunch][INFO] 2020-07-03 11:38:32,592: starting in server mode
[roslaunch.parent][INFO] 2020-07-03 11:38:32,596: starting roslaunch parent run
[roslaunch][INFO] 2020-07-03 11:38:32,602: loading roscore config file /opt/ros/noetic/etc/ros/roscore.xml
[roslaunch][INFO] 2020-07-03 11:38:33,239: Added core node of type [rosout/rosout] in namespace [/]
[roslaunch.pmon][INFO] 2020-07-03 11:38:33,240: start_process_monitor: creating ProcessMonitor
[roslaunch.pmon][INFO] 2020-07-03 11:38:33,241: created process monitor <ProcessMonitor(ProcessMonitor-1, initial daemon)>
[roslaunch.pmon][INFO] 2020-07-03 11:38:33,243: start_process_monitor: ProcessMonitor started
[roslaunch.parent][INFO] 2020-07-03 11:38:33,244: starting parent XML-RPC server
[roslaunch.server][INFO] 2020-07-03 11:38:33,246: starting roslaunch XML-RPC server
[roslaunch.server][INFO] 2020-07-03 11:38:33,247: waiting for roslaunch XML-RPC server to initialize
[xmlrpc][INFO] 2020-07-03 11:38:33,248: XML-RPC server binding to 0.0.0.0:0
[xmlrpc][INFO] 2020-07-03 11:38:33,250: Started XML-RPC server [http://51113ca0c50b:35105/]
[xmlrpc][INFO] 2020-07-03 11:38:33,251: xml rpc node: starting XML-RPC server
[roslaunch][INFO] 2020-07-03 11:38:33,263: started roslaunch server http://51113ca0c50b:35105/
[roslaunch.parent][INFO] 2020-07-03 11:38:33,265: ... parent XML-RPC server started
[roslaunch][INFO] 2020-07-03 11:38:33,267: master.is_running[http://51113ca0c50b:11311/]
[roslaunch][INFO] 2020-07-03 11:38:33,272: auto-starting new master
[roslaunch][INFO] 2020-07-03 11:38:33,274: create_master_process: rosmaster, /opt/ros/noetic/share/ros, 11311, 3, None, False
[roslaunch][INFO] 2020-07-03 11:38:33,276: process[master]: launching with args [['rosmaster', '--core', '-p', '11311', '-w', '3']]
[roslaunch.pmon][INFO] 2020-07-03 11:38:33,278: ProcessMonitor.register[master]
[roslaunch.pmon][INFO] 2020-07-03 11:38:33,279: ProcessMonitor.register[master] complete
[roslaunch][INFO] 2020-07-03 11:38:33,280: process[master]: starting os process
[roslaunch][INFO] 2020-07-03 11:38:33,285: process[master]: start w/ args [['rosmaster', '--core', '-p', '11311', '-w', '3', '__log:=/root/.ros/log/b9107d52-bd21-11ea-82c9-0242ac110002/master.log']]
[roslaunch][INFO] 2020-07-03 11:38:33,286: process[master]: cwd will be [/root/.ros]
[roslaunch][INFO] 2020-07-03 11:38:33,295: process[master]: started with pid [435]
[roslaunch][INFO] 2020-07-03 11:38:33,296: master.is_running[http://51113ca0c50b:11311/]
[roslaunch][INFO] 2020-07-03 11:38:33,400: master.is_running[http://51113ca0c50b:11311/]
[roslaunch][INFO] 2020-07-03 11:38:33,502: master.is_running[http://51113ca0c50b:11311/]
[roslaunch][INFO] 2020-07-03 11:38:33,604: master.is_running[http://51113ca0c50b:11311/]
[roslaunch][INFO] 2020-07-03 11:38:33,612: master.is_running[http://51113ca0c50b:11311/]
[roslaunch][INFO] 2020-07-03 11:38:33,616: ROS_MASTER_URI=http://51113ca0c50b:11311/
[roslaunch][INFO] 2020-07-03 11:38:33,623: setting /run_id to b9107d52-bd21-11ea-82c9-0242ac110002
[roslaunch][INFO] 2020-07-03 11:38:33,637: setting /roslaunch/uris/host_51113ca0c50b__35105' to http://51113ca0c50b:35105/
[roslaunch][INFO] 2020-07-03 11:38:33,646: ... preparing to launch node of type [rosout/rosout]
[roslaunch][INFO] 2020-07-03 11:38:33,648: create_node_process: package[rosout] type[rosout] machine[Machine(name[] env_loader[None] address[localhost] ssh_port[22] user[None] assignable[True] timeout[10.0])] master_uri[http://51113ca0c50b:11311/]
[roslaunch][INFO] 2020-07-03 11:38:33,650: process[rosout-1]: env[{'ROS_VERSION': '1', 'PKG_CONFIG_PATH': '/opt/ros/noetic/lib/pkgconfig', 'ROS_PYTHON_VERSION': '3', 'HOSTNAME': '51113ca0c50b', 'ROS_PACKAGE_PATH': '/opt/ros/noetic/share', 'ROSLISP_PACKAGE_DIRECTORIES': '', 'PWD': '/', 'XAUTHORITY': '/tmp/.docker.xauth', 'HOME': '/root', 'LANG': 'C.UTF-8', 'ROS_ETC_DIR': '/opt/ros/noetic/etc/ros', 'CMAKE_PREFIX_PATH': '/opt/ros/noetic', 'PYTHONPATH': '/opt/ros/noetic/lib/python3/dist-packages', 'TERM': 'xterm', 'DISPLAY': '192.168.0.11:0', 'SHLVL': '0', 'ROS_MASTER_URI': 'http://51113ca0c50b:11311/', 'LD_LIBRARY_PATH': '/opt/ros/noetic/lib', 'LC_ALL': 'C.UTF-8', 'PATH': '/opt/ros/noetic/bin:/usr/local/sbin:/usr/local/bin:/usr/sbin:/usr/bin:/sbin:/bin', 'ROS_ROOT': '/opt/ros/noetic/share/ros', 'ROS_DISTRO': 'noetic', '_': '/opt/ros/noetic/bin/roscore', 'ROS_LOG_FILENAME': '/root/.ros/log/b9107d52-bd21-11ea-82c9-0242ac110002/roslaunch-51113ca0c50b-426.log'}]
[roslaunch][INFO] 2020-07-03 11:38:33,712: process[rosout-1]: args[['/opt/ros/noetic/lib/rosout/rosout', '__name:=rosout']]
[roslaunch][INFO] 2020-07-03 11:38:33,713: ... created process [rosout-1]
[roslaunch.pmon][INFO] 2020-07-03 11:38:33,714: ProcessMonitor.register[rosout-1]
[roslaunch.pmon][INFO] 2020-07-03 11:38:33,715: ProcessMonitor.register[rosout-1] complete
[roslaunch][INFO] 2020-07-03 11:38:33,716: ... registered process [rosout-1]
[roslaunch][INFO] 2020-07-03 11:38:33,717: process[rosout-1]: starting os process
[roslaunch][INFO] 2020-07-03 11:38:33,722: process[rosout-1]: start w/ args [['/opt/ros/noetic/lib/rosout/rosout', '__name:=rosout', '__log:=/root/.ros/log/b9107d52-bd21-11ea-82c9-0242ac110002/rosout-1.log']]
[roslaunch][INFO] 2020-07-03 11:38:33,723: process[rosout-1]: cwd will be [/root/.ros]
[roslaunch][INFO] 2020-07-03 11:38:33,730: process[rosout-1]: started with pid [446]
[roslaunch][INFO] 2020-07-03 11:38:33,733: ... successfully launched [rosout-1]
[roslaunch][INFO] 2020-07-03 11:38:33,735: load_parameters starting ...
[roslaunch][INFO] 2020-07-03 11:38:33,743: ... load_parameters complete
[roslaunch][INFO] 2020-07-03 11:38:33,744: launch_nodes: launching local nodes ...
[roslaunch][INFO] 2020-07-03 11:38:33,746: ... launch_nodes complete
[roslaunch.pmon][INFO] 2020-07-03 11:38:33,747: registrations completed <ProcessMonitor(ProcessMonitor-1, started daemon 139855895865088)>
[roslaunch.parent][INFO] 2020-07-03 11:38:33,748: ... roslaunch parent running, waiting for process exit
[roslaunch][INFO] 2020-07-03 11:38:33,748: spin
